<?xml version="1.0" encoding="UTF-8"?>
<testng-results skipped="0" failed="0" ignored="0" total="1" passed="1">
  <reporter-output>
  </reporter-output>
  <suite name="Default suite" duration-ms="17206" started-at="2021-09-29T01:57:07 IST" finished-at="2021-09-29T01:57:24 IST">
    <groups>
    </groups>
    <test name="Default test" duration-ms="17206" started-at="2021-09-29T01:57:07 IST" finished-at="2021-09-29T01:57:24 IST">
      <class name="com.test.scripts.FlipkartTest">
        <test-method status="PASS" signature="testMethod()[pri:0, instance:com.test.scripts.FlipkartTest@1786dec2]" name="testMethod" duration-ms="17152" started-at="2021-09-29T01:57:07 IST" finished-at="2021-09-29T01:57:24 IST">
          <reporter-output>
          </reporter-output>
        </test-method> <!-- testMethod -->
      </class> <!-- com.test.scripts.FlipkartTest -->
    </test> <!-- Default test -->
  </suite> <!-- Default suite -->
</testng-results>
